2019-03-07 18:30:22 DEBUG SpringJUnit4ClassRunner:139 - SpringJUnit4ClassRunner constructor called with [class com.spring.aop.dao.UserDaoImplTest]
2019-03-07 18:30:22 DEBUG BootstrapUtils:96 - Instantiating CacheAwareContextLoaderDelegate from class [org.springframework.test.context.cache.DefaultCacheAwareContextLoaderDelegate]
2019-03-07 18:30:22 DEBUG BootstrapUtils:79 - Instantiating BootstrapContext using constructor [public org.springframework.test.context.support.DefaultBootstrapContext(java.lang.Class,org.springframework.test.context.CacheAwareContextLoaderDelegate)]
2019-03-07 18:30:22 DEBUG BootstrapUtils:132 - Instantiating TestContextBootstrapper for test class [com.spring.aop.dao.UserDaoImplTest] from class [org.springframework.test.context.support.DefaultTestContextBootstrapper]
2019-03-07 18:30:22 DEBUG AbstractDelegatingSmartContextLoader:263 - Delegating to GenericXmlContextLoader to process context configuration [ContextConfigurationAttributes@59fd97a8 declaringClass = 'com.spring.aop.dao.UserDaoImplTest', classes = '{}', locations = '{/dao.xml}', inheritLocations = true, initializers = '{}', inheritInitializers = true, name = [null], contextLoaderClass = 'org.springframework.test.context.ContextLoader'].
2019-03-07 18:30:22 DEBUG ActiveProfilesUtils:79 - Could not find an 'annotation declaring class' for annotation type [org.springframework.test.context.ActiveProfiles] and class [com.spring.aop.dao.UserDaoImplTest]
2019-03-07 18:30:22 DEBUG DefaultTestContextBootstrapper:125 - @TestExecutionListeners is not present for class [com.spring.aop.dao.UserDaoImplTest]: using defaults.
2019-03-07 18:30:22  INFO DefaultTestContextBootstrapper:248 - Loaded default TestExecutionListener class names from location [META-INF/spring.factories]: [org.springframework.test.context.web.ServletTestExecutionListener, org.springframework.test.context.support.DirtiesContextBeforeModesTestExecutionListener, org.springframework.test.context.support.DependencyInjectionTestExecutionListener, org.springframework.test.context.support.DirtiesContextTestExecutionListener, org.springframework.test.context.transaction.TransactionalTestExecutionListener, org.springframework.test.context.jdbc.SqlScriptsTestExecutionListener]
2019-03-07 18:30:22 DEBUG DefaultTestContextBootstrapper:192 - Skipping candidate TestExecutionListener [org.springframework.test.context.web.ServletTestExecutionListener] due to a missing dependency. Specify custom listener classes or make the default listener classes and their required dependencies available. Offending class: [javax/servlet/ServletContext]
2019-03-07 18:30:22 DEBUG DefaultTestContextBootstrapper:192 - Skipping candidate TestExecutionListener [org.springframework.test.context.transaction.TransactionalTestExecutionListener] due to a missing dependency. Specify custom listener classes or make the default listener classes and their required dependencies available. Offending class: [org/springframework/transaction/interceptor/TransactionAttributeSource]
2019-03-07 18:30:22 DEBUG DefaultTestContextBootstrapper:192 - Skipping candidate TestExecutionListener [org.springframework.test.context.jdbc.SqlScriptsTestExecutionListener] due to a missing dependency. Specify custom listener classes or make the default listener classes and their required dependencies available. Offending class: [org/springframework/transaction/interceptor/TransactionAttribute]
2019-03-07 18:30:22  INFO DefaultTestContextBootstrapper:177 - Using TestExecutionListeners: [org.springframework.test.context.support.DirtiesContextBeforeModesTestExecutionListener@409bf450, org.springframework.test.context.support.DependencyInjectionTestExecutionListener@38d8f54a, org.springframework.test.context.support.DirtiesContextTestExecutionListener@49e53c76]
2019-03-07 18:30:22 DEBUG ProfileValueUtils:70 - Retrieved @ProfileValueSourceConfiguration [null] for test class [com.spring.aop.dao.UserDaoImplTest]
2019-03-07 18:30:22 DEBUG ProfileValueUtils:83 - Retrieved ProfileValueSource type [class org.springframework.test.annotation.SystemProfileValueSource] for class [com.spring.aop.dao.UserDaoImplTest]
2019-03-07 18:30:22 DEBUG ProfileValueUtils:70 - Retrieved @ProfileValueSourceConfiguration [null] for test class [com.spring.aop.dao.UserDaoImplTest]
2019-03-07 18:30:22 DEBUG ProfileValueUtils:83 - Retrieved ProfileValueSource type [class org.springframework.test.annotation.SystemProfileValueSource] for class [com.spring.aop.dao.UserDaoImplTest]
2019-03-07 18:30:22 DEBUG ProfileValueUtils:70 - Retrieved @ProfileValueSourceConfiguration [null] for test class [com.spring.aop.dao.UserDaoImplTest]
2019-03-07 18:30:22 DEBUG ProfileValueUtils:83 - Retrieved ProfileValueSource type [class org.springframework.test.annotation.SystemProfileValueSource] for class [com.spring.aop.dao.UserDaoImplTest]
2019-03-07 18:30:22 DEBUG ProfileValueUtils:70 - Retrieved @ProfileValueSourceConfiguration [null] for test class [com.spring.aop.dao.UserDaoImplTest]
2019-03-07 18:30:22 DEBUG ProfileValueUtils:83 - Retrieved ProfileValueSource type [class org.springframework.test.annotation.SystemProfileValueSource] for class [com.spring.aop.dao.UserDaoImplTest]
2019-03-07 18:30:22 DEBUG AbstractDirtiesContextTestExecutionListener:142 - Before test class: context [DefaultTestContext@3c41ed1d testClass = UserDaoImplTest, testInstance = [null], testMethod = [null], testException = [null], mergedContextConfiguration = [MergedContextConfiguration@54d9d12d testClass = UserDaoImplTest, locations = '{classpath:/dao.xml}', classes = '{}', contextInitializerClasses = '[]', activeProfiles = '{}', propertySourceLocations = '{}', propertySourceProperties = '{}', contextCustomizers = set[[empty]], contextLoader = 'org.springframework.test.context.support.DelegatingSmartContextLoader', parent = [null]], attributes = map[[empty]]], class annotated with @DirtiesContext [false] with mode [null].
2019-03-07 18:30:22 DEBUG ProfileValueUtils:70 - Retrieved @ProfileValueSourceConfiguration [null] for test class [com.spring.aop.dao.UserDaoImplTest]
2019-03-07 18:30:22 DEBUG ProfileValueUtils:83 - Retrieved ProfileValueSource type [class org.springframework.test.annotation.SystemProfileValueSource] for class [com.spring.aop.dao.UserDaoImplTest]
2019-03-07 18:30:22 DEBUG DependencyInjectionTestExecutionListener:81 - Performing dependency injection for test context [[DefaultTestContext@3c41ed1d testClass = UserDaoImplTest, testInstance = com.spring.aop.dao.UserDaoImplTest@4c12331b, testMethod = [null], testException = [null], mergedContextConfiguration = [MergedContextConfiguration@54d9d12d testClass = UserDaoImplTest, locations = '{classpath:/dao.xml}', classes = '{}', contextInitializerClasses = '[]', activeProfiles = '{}', propertySourceLocations = '{}', propertySourceProperties = '{}', contextCustomizers = set[[empty]], contextLoader = 'org.springframework.test.context.support.DelegatingSmartContextLoader', parent = [null]], attributes = map[[empty]]]].
2019-03-07 18:30:22 DEBUG AbstractDelegatingSmartContextLoader:273 - Delegating to GenericXmlContextLoader to load context from [MergedContextConfiguration@54d9d12d testClass = UserDaoImplTest, locations = '{classpath:/dao.xml}', classes = '{}', contextInitializerClasses = '[]', activeProfiles = '{}', propertySourceLocations = '{}', propertySourceProperties = '{}', contextCustomizers = set[[empty]], contextLoader = 'org.springframework.test.context.support.DelegatingSmartContextLoader', parent = [null]].
2019-03-07 18:30:22 DEBUG AbstractGenericContextLoader:109 - Loading ApplicationContext for merged context configuration [[MergedContextConfiguration@54d9d12d testClass = UserDaoImplTest, locations = '{classpath:/dao.xml}', classes = '{}', contextInitializerClasses = '[]', activeProfiles = '{}', propertySourceLocations = '{}', propertySourceProperties = '{}', contextCustomizers = set[[empty]], contextLoader = 'org.springframework.test.context.support.DelegatingSmartContextLoader', parent = [null]]].
2019-03-07 18:30:22 DEBUG StandardEnvironment:252 - Activating profiles []
2019-03-07 18:30:22 DEBUG XmlBeanDefinitionReader:395 - Loaded 5 bean definitions from class path resource [dao.xml]
2019-03-07 18:30:22 DEBUG GenericApplicationContext:594 - Refreshing org.springframework.context.support.GenericApplicationContext@752325ad
2019-03-07 18:30:22 DEBUG DefaultListableBeanFactory:213 - Creating shared instance of singleton bean 'org.springframework.context.annotation.internalConfigurationAnnotationProcessor'
2019-03-07 18:30:22 DEBUG DefaultListableBeanFactory:213 - Creating shared instance of singleton bean 'org.springframework.context.event.internalEventListenerProcessor'
2019-03-07 18:30:22 DEBUG DefaultListableBeanFactory:213 - Creating shared instance of singleton bean 'org.springframework.context.event.internalEventListenerFactory'
2019-03-07 18:30:22 DEBUG DefaultListableBeanFactory:213 - Creating shared instance of singleton bean 'org.springframework.context.annotation.internalAutowiredAnnotationProcessor'
2019-03-07 18:30:22 DEBUG DefaultListableBeanFactory:213 - Creating shared instance of singleton bean 'org.springframework.aop.config.internalAutoProxyCreator'
2019-03-07 18:30:23 DEBUG DefaultListableBeanFactory:213 - Creating shared instance of singleton bean 'userDaoImpl'
2019-03-07 18:30:23 DEBUG DefaultListableBeanFactory:213 - Creating shared instance of singleton bean 'org.springframework.aop.aspectj.AspectJPointcutAdvisor#0'
2019-03-07 18:30:23 DEBUG DefaultListableBeanFactory:213 - Creating shared instance of singleton bean 'beforeAdvice'
2019-03-07 18:30:23 DEBUG DefaultCacheAwareContextLoaderDelegate:119 - Storing ApplicationContext in cache under key [[MergedContextConfiguration@54d9d12d testClass = UserDaoImplTest, locations = '{classpath:/dao.xml}', classes = '{}', contextInitializerClasses = '[]', activeProfiles = '{}', propertySourceLocations = '{}', propertySourceProperties = '{}', contextCustomizers = set[[empty]], contextLoader = 'org.springframework.test.context.support.DelegatingSmartContextLoader', parent = [null]]]
2019-03-07 18:30:23 DEBUG cache:290 - Spring test ApplicationContext cache statistics: [DefaultContextCache@54d18072 size = 1, maxSize = 32, parentContextCount = 0, hitCount = 0, missCount = 1]
2019-03-07 18:30:23 DEBUG AbstractDirtiesContextTestExecutionListener:107 - Before test method: context [DefaultTestContext@3c41ed1d testClass = UserDaoImplTest, testInstance = com.spring.aop.dao.UserDaoImplTest@4c12331b, testMethod = insert@UserDaoImplTest, testException = [null], mergedContextConfiguration = [MergedContextConfiguration@54d9d12d testClass = UserDaoImplTest, locations = '{classpath:/dao.xml}', classes = '{}', contextInitializerClasses = '[]', activeProfiles = '{}', propertySourceLocations = '{}', propertySourceProperties = '{}', contextCustomizers = set[[empty]], contextLoader = 'org.springframework.test.context.support.DelegatingSmartContextLoader', parent = [null]], attributes = map[[empty]]], class annotated with @DirtiesContext [false] with mode [null], method annotated with @DirtiesContext [false] with mode [null].
2019-03-07 18:30:23  INFO BeforeAdvice:10 - 连接数据库
2019-03-07 18:30:23  INFO UserDaoImpl:12 - 现在开始插入....
2019-03-07 18:30:23 DEBUG AbstractDirtiesContextTestExecutionListener:107 - After test method: context [DefaultTestContext@3c41ed1d testClass = UserDaoImplTest, testInstance = com.spring.aop.dao.UserDaoImplTest@4c12331b, testMethod = insert@UserDaoImplTest, testException = [null], mergedContextConfiguration = [MergedContextConfiguration@54d9d12d testClass = UserDaoImplTest, locations = '{classpath:/dao.xml}', classes = '{}', contextInitializerClasses = '[]', activeProfiles = '{}', propertySourceLocations = '{}', propertySourceProperties = '{}', contextCustomizers = set[[empty]], contextLoader = 'org.springframework.test.context.support.DelegatingSmartContextLoader', parent = [null]], attributes = map[[empty]]], class annotated with @DirtiesContext [false] with mode [null], method annotated with @DirtiesContext [false] with mode [null].
2019-03-07 18:30:23 DEBUG AbstractDirtiesContextTestExecutionListener:142 - After test class: context [DefaultTestContext@3c41ed1d testClass = UserDaoImplTest, testInstance = [null], testMethod = [null], testException = [null], mergedContextConfiguration = [MergedContextConfiguration@54d9d12d testClass = UserDaoImplTest, locations = '{classpath:/dao.xml}', classes = '{}', contextInitializerClasses = '[]', activeProfiles = '{}', propertySourceLocations = '{}', propertySourceProperties = '{}', contextCustomizers = set[[empty]], contextLoader = 'org.springframework.test.context.support.DelegatingSmartContextLoader', parent = [null]], attributes = map[[empty]]], class annotated with @DirtiesContext [false] with mode [null].
2019-03-07 18:30:23 DEBUG GenericApplicationContext:1002 - Closing org.springframework.context.support.GenericApplicationContext@752325ad, started on Thu Mar 07 18:30:22 CST 2019
